
The following files have been resolved:
   org.eclipse.jetty:jetty-xml:jar:9.4.8.v20171121:compile
   org.glassfish.jersey.bundles.repackaged:jersey-guava:jar:2.25.1:compile
   com.fasterxml.jackson.core:jackson-core:jar:2.9.5:compile
   com.fasterxml.jackson.datatype:jackson-datatype-joda:jar:2.9.5:compile
   io.dropwizard:dropwizard-lifecycle:jar:1.3.1:compile
   io.dropwizard.metrics:metrics-healthchecks:jar:4.0.2:compile
   org.eclipse.jetty:jetty-server:jar:9.4.8.v20171121:compile
   org.codehaus.mojo:animal-sniffer-annotations:jar:1.14:compile
   org.eclipse.jetty:jetty-io:jar:9.4.8.v20171121:compile
   com.google.guava:guava:jar:24.0-jre:compile
   com.fasterxml:classmate:jar:1.3.1:compile
   org.eclipse.jetty:jetty-security:jar:9.4.8.v20171121:compile
   io.dropwizard:dropwizard-logging:jar:1.3.1:compile
   io.dropwizard:dropwizard-configuration:jar:1.3.1:compile
   org.apache.commons:commons-lang3:jar:3.7:compile
   io.dropwizard:dropwizard-validation:jar:1.3.1:compile
   com.fasterxml.jackson.module:jackson-module-parameter-names:jar:2.9.5:compile
   com.fasterxml.jackson.jaxrs:jackson-jaxrs-json-provider:jar:2.9.5:compile
   org.glassfish.jersey.core:jersey-client:jar:2.25.1:compile
   com.papertrail:profiler:jar:1.0.2:compile
   com.fasterxml.jackson.module:jackson-module-afterburner:jar:2.9.5:compile
   org.slf4j:jcl-over-slf4j:jar:1.7.25:compile
   io.dropwizard:dropwizard-jersey:jar:1.3.1:compile
   ch.qos.logback:logback-classic:jar:1.2.3:compile
   org.glassfish.hk2:hk2-api:jar:2.5.0-b32:compile
   org.eclipse.jetty:jetty-util:jar:9.4.8.v20171121:compile
   io.dropwizard.metrics:metrics-jmx:jar:4.0.2:compile
   com.fasterxml.jackson.core:jackson-annotations:jar:2.9.0:compile
   org.glassfish:javax.el:jar:3.0.0:compile
   io.dropwizard:dropwizard-request-logging:jar:1.3.1:compile
   ch.qos.logback:logback-access:jar:1.2.3:compile
   javax.ws.rs:javax.ws.rs-api:jar:2.0.1:compile
   io.dropwizard:dropwizard-core:jar:1.3.1:compile
   com.fasterxml.jackson.dataformat:jackson-dataformat-yaml:jar:2.9.5:compile
   org.hibernate:hibernate-validator:jar:5.4.2.Final:compile
   io.dropwizard:dropwizard-metrics:jar:1.3.1:compile
   org.eclipse.jetty.toolchain.setuid:jetty-setuid-java:jar:1.0.3:compile
   org.yaml:snakeyaml:jar:1.18:compile
   io.dropwizard.metrics:metrics-jersey2:jar:4.0.2:compile
   com.fasterxml.jackson.datatype:jackson-datatype-jdk8:jar:2.9.5:compile
   org.apache.commons:commons-text:jar:1.2:compile
   javax.validation:validation-api:jar:1.1.0.Final:compile
   org.eclipse.jetty:jetty-servlets:jar:9.4.8.v20171121:compile
   org.eclipse.jetty:jetty-http:jar:9.4.8.v20171121:compile
   org.projectlombok:lombok:jar:1.18.2:compile
   org.glassfish.hk2:hk2-utils:jar:2.5.0-b32:compile
   com.google.code.findbugs:jsr305:jar:3.0.2:compile
   org.glassfish.jersey.containers:jersey-container-servlet:jar:2.25.1:compile
   org.glassfish.jersey.ext:jersey-metainf-services:jar:2.25.1:compile
   org.glassfish.jersey.core:jersey-server:jar:2.25.1:compile
   org.glassfish.jersey.core:jersey-common:jar:2.25.1:compile
   org.checkerframework:checker-compat-qual:jar:2.0.0:compile
   com.fasterxml.jackson.datatype:jackson-datatype-jsr310:jar:2.9.5:compile
   org.javassist:javassist:jar:3.22.0-GA:compile
   org.slf4j:log4j-over-slf4j:jar:1.7.25:compile
   org.glassfish.hk2:hk2-locator:jar:2.5.0-b32:compile
   com.google.j2objc:j2objc-annotations:jar:1.1:compile
   org.eclipse.jetty:jetty-continuation:jar:9.4.8.v20171121:compile
   io.dropwizard:dropwizard-servlets:jar:1.3.1:compile
   io.dropwizard.metrics:metrics-core:jar:4.0.2:compile
   org.eclipse.jetty:jetty-servlet:jar:9.4.8.v20171121:compile
   io.dropwizard:dropwizard-jetty:jar:1.3.1:compile
   io.dropwizard.metrics:metrics-json:jar:4.0.2:compile
   ch.qos.logback:logback-core:jar:1.2.3:compile
   org.glassfish.jersey.media:jersey-media-jaxb:jar:2.25.1:compile
   org.glassfish.hk2.external:aopalliance-repackaged:jar:2.5.0-b32:compile
   org.glassfish.hk2.external:javax.inject:jar:2.5.0-b32:compile
   com.google.errorprone:error_prone_annotations:jar:2.1.3:compile
   javax.annotation:javax.annotation-api:jar:1.2:compile
   io.dropwizard:dropwizard-util:jar:1.3.1:compile
   joda-time:joda-time:jar:2.9.9:compile
   com.fasterxml.jackson.datatype:jackson-datatype-guava:jar:2.9.5:compile
   io.dropwizard.metrics:metrics-servlets:jar:4.0.2:compile
   org.glassfish.hk2:osgi-resource-locator:jar:1.0.1:compile
   javax.servlet:javax.servlet-api:jar:3.1.0:compile
   org.glassfish.jersey.ext:jersey-bean-validation:jar:2.25.1:compile
   io.dropwizard.metrics:metrics-annotation:jar:4.0.2:compile
   org.eclipse.jetty:jetty-webapp:jar:9.4.8.v20171121:compile
   io.dropwizard.metrics:metrics-jvm:jar:4.0.2:compile
   io.dropwizard.metrics:metrics-jetty9:jar:4.0.2:compile
   io.dropwizard:dropwizard-jackson:jar:1.3.1:compile
   org.slf4j:slf4j-api:jar:1.7.25:compile
   org.glassfish.jersey.containers:jersey-container-servlet-core:jar:2.25.1:compile
   net.sourceforge.argparse4j:argparse4j:jar:0.8.1:compile
   com.fasterxml.jackson.jaxrs:jackson-jaxrs-base:jar:2.9.5:compile
   io.dropwizard.metrics:metrics-logback:jar:4.0.2:compile
   com.fasterxml.jackson.core:jackson-databind:jar:2.9.5:compile
   org.slf4j:jul-to-slf4j:jar:1.7.25:compile
   org.jboss.logging:jboss-logging:jar:3.3.0.Final:compile
   com.fasterxml.jackson.module:jackson-module-jaxb-annotations:jar:2.9.5:compile

